<?xml version="1.0" encoding="UTF-8"?>
<!-- Generated by org.testng.reporters.JUnitReportReporter -->
<testsuite hostname="DESKTOP-6GME4C3" failures="0" tests="3" name="TestNGpriority.Testng" time="16.728" errors="0" timestamp="2021-09-02T15:57:32 IST" skipped="0">
  <testcase classname="TestNGpriority.Testng" name="test" time="2.501"/>
  <system-out/>
  <testcase classname="TestNGpriority.Testng" name="launchGoogle" time="5.799"/>
  <system-out/>
  <testcase classname="TestNGpriority.Testng" name="peformSeachAndClick1stLink" time="8.428"/>
  <system-out/>
</testsuite> <!-- TestNGpriority.Testng -->
