<?xml version="1.0" encoding="UTF-8"?>
<!-- Generated by org.testng.reporters.JUnitReportReporter -->
<testsuite hostname="DESKTOP-6GME4C3" failures="0" tests="3" name="TestNGpriority.Testng" time="14.531" errors="0" timestamp="2021-09-03T16:58:34 IST" skipped="0">
  <testcase classname="TestNGpriority.Testng" name="test" time="3.058"/>
  <system-out/>
  <testcase classname="TestNGpriority.Testng" name="launchGoogle" time="2.857"/>
  <system-out/>
  <testcase classname="TestNGpriority.Testng" name="peformSeachAndClick1stLink" time="8.616"/>
  <system-out/>
</testsuite> <!-- TestNGpriority.Testng -->
